# JRE version: OpenJDK Runtime Environment (8.0_121-b13) (build 1.8.0_121-8u121-b13-0ubuntu1.16.04.2-b13)
# Java VM: OpenJDK 64-Bit Server VM (25.121-b13 mixed mode linux-amd64 compressed oops)
Heap:
 PSYoungGen      total 136192K, used 16817K [0x00000000d6b80000, 0x00000000dfa80000, 0x0000000100000000)
  eden space 126976K, 8% used [0x00000000d6b80000,0x00000000d759c6f0,0x00000000de780000)
  from space 9216K, 70% used [0x00000000df180000,0x00000000df7cff60,0x00000000dfa80000)
  to   space 9728K, 0% used [0x00000000de780000,0x00000000de780000,0x00000000df100000)
 ParOldGen       total 84992K, used 17326K [0x0000000084200000, 0x0000000089500000, 0x00000000d6b80000)
  object space 84992K, 20% used [0x0000000084200000,0x00000000852eb898,0x0000000089500000)
 Metaspace       used 17373K, capacity 17638K, committed 17920K, reserved 1064960K
  class space    used 1665K, capacity 1753K, committed 1792K, reserved 1048576K
GC Heap History (10 events):
Event: 0,666 GC heap before
{Heap before GC invocations=2 (full 0):
 PSYoungGen      total 36864K, used 36832K [0x00000000d6b80000, 0x00000000d9480000, 0x0000000100000000)
  eden space 31744K, 100% used [0x00000000d6b80000,0x00000000d8a80000,0x00000000d8a80000)
  from space 5120K, 99% used [0x00000000d8a80000,0x00000000d8f78030,0x00000000d8f80000)
  to   space 5120K, 0% used [0x00000000d8f80000,0x00000000d8f80000,0x00000000d9480000)
 ParOldGen       total 84992K, used 2662K [0x0000000084200000, 0x0000000089500000, 0x00000000d6b80000)
  object space 84992K, 3% used [0x0000000084200000,0x0000000084499aa0,0x0000000089500000)
 Metaspace       used 16287K, capacity 16586K, committed 16896K, reserved 1064960K
  class space    used 1592K, capacity 1685K, committed 1792K, reserved 1048576K
Event: 0,670 GC heap after
Heap after GC invocations=2 (full 0):
 PSYoungGen      total 36864K, used 4150K [0x00000000d6b80000, 0x00000000db380000, 0x0000000100000000)
  eden space 31744K, 0% used [0x00000000d6b80000,0x00000000d6b80000,0x00000000d8a80000)
  from space 5120K, 81% used [0x00000000d8f80000,0x00000000d938d8d8,0x00000000d9480000)
  to   space 5120K, 0% used [0x00000000d8a80000,0x00000000d8a80000,0x00000000d8f80000)
 ParOldGen       total 84992K, used 10446K [0x0000000084200000, 0x0000000089500000, 0x00000000d6b80000)
  object space 84992K, 12% used [0x0000000084200000,0x0000000084c33938,0x0000000089500000)
 Metaspace       used 16287K, capacity 16586K, committed 16896K, reserved 1064960K
  class space    used 1592K, capacity 1685K, committed 1792K, reserved 1048576K
}
Event: 0,748 GC heap before
{Heap before GC invocations=3 (full 0):
 PSYoungGen      total 36864K, used 35894K [0x00000000d6b80000, 0x00000000db380000, 0x0000000100000000)
  eden space 31744K, 100% used [0x00000000d6b80000,0x00000000d8a80000,0x00000000d8a80000)
  from space 5120K, 81% used [0x00000000d8f80000,0x00000000d938d8d8,0x00000000d9480000)
  to   space 5120K, 0% used [0x00000000d8a80000,0x00000000d8a80000,0x00000000d8f80000)
 ParOldGen       total 84992K, used 10446K [0x0000000084200000, 0x0000000089500000, 0x00000000d6b80000)
  object space 84992K, 12% used [0x0000000084200000,0x0000000084c33938,0x0000000089500000)
 Metaspace       used 16288K, capacity 16586K, committed 16896K, reserved 1064960K
  class space    used 1592K, capacity 1685K, committed 1792K, reserved 1048576K
Event: 0,752 GC heap after
Heap after GC invocations=3 (full 0):
 PSYoungGen      total 36864K, used 5088K [0x00000000d6b80000, 0x00000000db380000, 0x0000000100000000)
  eden space 31744K, 0% used [0x00000000d6b80000,0x00000000d6b80000,0x00000000d8a80000)
  from space 5120K, 99% used [0x00000000d8a80000,0x00000000d8f78368,0x00000000d8f80000)
  to   space 5120K, 0% used [0x00000000dae80000,0x00000000dae80000,0x00000000db380000)
 ParOldGen       total 84992K, used 11720K [0x0000000084200000, 0x0000000089500000, 0x00000000d6b80000)
  object space 84992K, 13% used [0x0000000084200000,0x0000000084d72178,0x0000000089500000)
 Metaspace       used 16288K, capacity 16586K, committed 16896K, reserved 1064960K
  class space    used 1592K, capacity 1685K, committed 1792K, reserved 1048576K
}
Event: 0,823 GC heap before
{Heap before GC invocations=4 (full 0):
 PSYoungGen      total 36864K, used 36832K [0x00000000d6b80000, 0x00000000db380000, 0x0000000100000000)
  eden space 31744K, 100% used [0x00000000d6b80000,0x00000000d8a80000,0x00000000d8a80000)
  from space 5120K, 99% used [0x00000000d8a80000,0x00000000d8f78368,0x00000000d8f80000)
  to   space 5120K, 0% used [0x00000000dae80000,0x00000000dae80000,0x00000000db380000)
 ParOldGen       total 84992K, used 11720K [0x0000000084200000, 0x0000000089500000, 0x00000000d6b80000)
  object space 84992K, 13% used [0x0000000084200000,0x0000000084d72178,0x0000000089500000)
 Metaspace       used 16288K, capacity 16586K, committed 16896K, reserved 1064960K
  class space    used 1592K, capacity 1685K, committed 1792K, reserved 1048576K
Event: 0,832 GC heap after
Heap after GC invocations=4 (full 0):
 PSYoungGen      total 68608K, used 5110K [0x00000000d6b80000, 0x00000000db380000, 0x0000000100000000)
  eden space 63488K, 0% used [0x00000000d6b80000,0x00000000d6b80000,0x00000000da980000)
  from space 5120K, 99% used [0x00000000dae80000,0x00000000db37da80,0x00000000db380000)
  to   space 5120K, 0% used [0x00000000da980000,0x00000000da980000,0x00000000dae80000)
 ParOldGen       total 84992K, used 13016K [0x0000000084200000, 0x0000000089500000, 0x00000000d6b80000)
  object space 84992K, 15% used [0x0000000084200000,0x0000000084eb6178,0x0000000089500000)
 Metaspace       used 16288K, capacity 16586K, committed 16896K, reserved 1064960K
  class space    used 1592K, capacity 1685K, committed 1792K, reserved 1048576K
}
Event: 0,962 GC heap before
{Heap before GC invocations=5 (full 0):
 PSYoungGen      total 68608K, used 68598K [0x00000000d6b80000, 0x00000000db380000, 0x0000000100000000)
  eden space 63488K, 100% used [0x00000000d6b80000,0x00000000da980000,0x00000000da980000)
  from space 5120K, 99% used [0x00000000dae80000,0x00000000db37da80,0x00000000db380000)
  to   space 5120K, 0% used [0x00000000da980000,0x00000000da980000,0x00000000dae80000)
 ParOldGen       total 84992K, used 13016K [0x0000000084200000, 0x0000000089500000, 0x00000000d6b80000)
  object space 84992K, 15% used [0x0000000084200000,0x0000000084eb6178,0x0000000089500000)
 Metaspace       used 16288K, capacity 16586K, committed 16896K, reserved 1064960K
  class space    used 1592K, capacity 1685K, committed 1792K, reserved 1048576K
Event: 0,973 GC heap after
Heap after GC invocations=5 (full 0):
 PSYoungGen      total 68608K, used 5103K [0x00000000d6b80000, 0x00000000dfb80000, 0x0000000100000000)
  eden space 63488K, 0% used [0x00000000d6b80000,0x00000000d6b80000,0x00000000da980000)
  from space 5120K, 99% used [0x00000000da980000,0x00000000dae7bd00,0x00000000dae80000)
  to   space 10240K, 0% used [0x00000000df180000,0x00000000df180000,0x00000000dfb80000)
 ParOldGen       total 84992K, used 17318K [0x0000000084200000, 0x0000000089500000, 0x00000000d6b80000)
  object space 84992K, 20% used [0x0000000084200000,0x00000000852e9898,0x0000000089500000)
 Metaspace       used 16288K, capacity 16586K, committed 16896K, reserved 1064960K
  class space    used 1592K, capacity 1685K, committed 1792K, reserved 1048576K
}
Event: 42,778 GC heap before
{Heap before GC invocations=6 (full 0):
 PSYoungGen      total 68608K, used 68591K [0x00000000d6b80000, 0x00000000dfb80000, 0x0000000100000000)
  eden space 63488K, 100% used [0x00000000d6b80000,0x00000000da980000,0x00000000da980000)
  from space 5120K, 99% used [0x00000000da980000,0x00000000dae7bd00,0x00000000dae80000)
  to   space 10240K, 0% used [0x00000000df180000,0x00000000df180000,0x00000000dfb80000)
 ParOldGen       total 84992K, used 17318K [0x0000000084200000, 0x0000000089500000, 0x00000000d6b80000)
  object space 84992K, 20% used [0x0000000084200000,0x00000000852e9898,0x0000000089500000)
 Metaspace       used 17361K, capacity 17638K, committed 17920K, reserved 1064960K
  class space    used 1664K, capacity 1753K, committed 1792K, reserved 1048576K
Event: 42,786 GC heap after
Heap after GC invocations=6 (full 0):
 PSYoungGen      total 136192K, used 6463K [0x00000000d6b80000, 0x00000000dfa80000, 0x0000000100000000)
  eden space 126976K, 0% used [0x00000000d6b80000,0x00000000d6b80000,0x00000000de780000)
  from space 9216K, 70% used [0x00000000df180000,0x00000000df7cff60,0x00000000dfa80000)
  to   space 9728K, 0% used [0x00000000de780000,0x00000000de780000,0x00000000df100000)
 ParOldGen       total 84992K, used 17326K [0x0000000084200000, 0x0000000089500000, 0x00000000d6b80000)
  object space 84992K, 20% used [0x0000000084200000,0x00000000852eb898,0x0000000089500000)
 Metaspace       used 17361K, capacity 17638K, committed 17920K, reserved 1064960K
  class space    used 1664K, capacity 1753K, committed 1792K, reserved 1048576K
}

